0 info it worked if it ends with ok
1 verbose cli [ 'C:\\Program Files\\nodejs\\node.exe',
1 verbose cli   'C:\\Program Files\\nodejs\\node_modules\\npm\\bin\\npm-cli.js',
1 verbose cli   'run',
1 verbose cli   'dev' ]
2 info using npm@3.10.10
3 info using node@v6.11.3
4 verbose run-script [ 'predev', 'dev', 'postdev' ]
5 info lifecycle whereat@1.0.0~predev: whereat@1.0.0
6 silly lifecycle whereat@1.0.0~predev: no script for predev, continuing
7 info lifecycle whereat@1.0.0~dev: whereat@1.0.0
8 verbose lifecycle whereat@1.0.0~dev: unsafe-perm in lifecycle true
9 verbose lifecycle whereat@1.0.0~dev: PATH: C:\Program Files\nodejs\node_modules\npm\bin\node-gyp-bin;C:\Users\acer\Documents\GitHub\WhereAT\node_modules\.bin;C:\WINDOWS\system32;C:\WINDOWS;C:\WINDOWS\System32\Wbem;C:\WINDOWS\System32\WindowsPowerShell\v1.0\;C:\Program Files\PuTTY\;C:\Program Files\Git\cmd;C:\Program Files\nodejs\;C:\Program Files (x86)\NVIDIA Corporation\PhysX\Common;C:\Users\acer\AppData\Local\Programs\Python\Python35\Scripts\;C:\Users\acer\AppData\Local\Programs\Python\Python35\;C:\Users\acer\AppData\Local\Microsoft\WindowsApps;C:\Users\acer\AppData\Roaming\npm;C:\Users\acer\AppData\Local\atom\bin;C:\Users\acer\AppData\Local\GitHubDesktop\bin
10 verbose lifecycle whereat@1.0.0~dev: CWD: C:\Users\acer\Documents\GitHub\WhereAT
11 silly lifecycle whereat@1.0.0~dev: Args: [ '/d /s /c',
11 silly lifecycle   'cross-env NODE_ENV=development webpack-dev-server --open --hot' ]
12 verbose stack Error: kill ENOSYS
12 verbose stack     at exports._errnoException (util.js:1020:11)
12 verbose stack     at process.kill (internal/process.js:190:13)
12 verbose stack     at process.listener (C:\Program Files\nodejs\node_modules\npm\node_modules\npmlog\node_modules\gauge\node_modules\signal-exit\index.js:86:15)
12 verbose stack     at emitNone (events.js:91:20)
12 verbose stack     at process.emit (events.js:185:7)
12 verbose stack     at processEmit (C:\Program Files\nodejs\node_modules\npm\node_modules\npmlog\node_modules\gauge\node_modules\signal-exit\index.js:146:32)
12 verbose stack     at processEmit (C:\Program Files\nodejs\node_modules\npm\node_modules\npm-registry-client\node_modules\npmlog\node_modules\gauge\node_modules\signal-exit\index.js:146:32)
12 verbose stack     at Signal.wrap.onsignal (internal/process.js:217:44)
13 verbose cwd C:\Users\acer\Documents\GitHub\WhereAT\src
14 error Windows_NT 10.0.15063
15 error argv "C:\\Program Files\\nodejs\\node.exe" "C:\\Program Files\\nodejs\\node_modules\\npm\\bin\\npm-cli.js" "run" "dev"
16 error node v6.11.3
17 error npm  v3.10.10
18 error code ENOSYS
19 error errno ENOSYS
20 error syscall kill
21 error kill ENOSYS
22 error If you need help, you may report this error at:
22 error     <https://github.com/npm/npm/issues>
23 verbose exit [ 1, true ]
